<?xml version="1.0" encoding="UTF-8"?>
<!-- Generated by org.testng.reporters.JUnitXMLReporter -->
<testsuite ignored="0" hostname="TYSS-Jitendra" failures="1" tests="2" name="TestCases" time="21.774" errors="0" timestamp="2023-12-09T18:25:14 IST">
  <testcase classname="practise.TestCases.SubmitOrderTest" name="submitOrder" time="14.071"/>
  <testcase classname="practise.TestCases.ErrorMessageValidation" name="validateSignInErrorMessage" time="0.952">
    <failure type="java.lang.AssertionError" message="expected [Incorrect email or password.] but found [Incorrect email  password.]">
      <![CDATA[java.lang.AssertionError: expected [Incorrect email or password.] but found [Incorrect email  password.]
at practise.TestCases.ErrorMessageValidation.validateSignInErrorMessage(ErrorMessageValidation.java:14)
at java.base/java.util.ArrayList.forEach(ArrayList.java:1511)
... Removed 33 stack frames]]>
    </failure>
  </testcase> <!-- validateSignInErrorMessage -->
</testsuite> <!-- TestCases -->
